2025-04-10 14:51:12.654 [azure-sdk-global-thread-0] DEBUG com.azure.identity.implementation.IdentityClient - SharedTokenCacheCredential authentication unavailable. No accounts were found in the cache.
com.azure.identity.CredentialUnavailableException: SharedTokenCacheCredential authentication unavailable. No accounts were found in the cache.
	at com.azure.identity.implementation.IdentityClient.lambda$authenticateWithSharedTokenCache$64(IdentityClient.java:840) ~[azure-identity-1.15.4.jar:1.15.4]
	at reactor.core.publisher.MonoFlatMap$FlatMapMain.onNext(MonoFlatMap.java:125) ~[reactor-core-3.4.41.jar:3.4.41]
	at reactor.core.publisher.FluxOnErrorResume$ResumeSubscriber.onNext(FluxOnErrorResume.java:79) ~[reactor-core-3.4.41.jar:3.4.41]
	at reactor.core.publisher.Operators$MonoSubscriber.complete(Operators.java:1839) ~[reactor-core-3.4.41.jar:3.4.41]
	at reactor.core.publisher.MonoFlatMap$FlatMapInner.onNext(MonoFlatMap.java:249) ~[reactor-core-3.4.41.jar:3.4.41]
	at reactor.core.publisher.Operators$MonoSubscriber.complete(Operators.java:1839) ~[reactor-core-3.4.41.jar:3.4.41]
	at reactor.core.publisher.MonoCompletionStage.lambda$subscribe$0(MonoCompletionStage.java:100) ~[reactor-core-3.4.41.jar:3.4.41]
	at java.base/java.util.concurrent.CompletableFuture.uniHandle(CompletableFuture.java:934) ~[?:?]
	at java.base/java.util.concurrent.CompletableFuture$UniHandle.tryFire(CompletableFuture.java:911) ~[?:?]
	at java.base/java.util.concurrent.CompletableFuture.postComplete(CompletableFuture.java:510) ~[?:?]
	at java.base/java.util.concurrent.CompletableFuture$AsyncSupply.run(CompletableFuture.java:1773) ~[?:?]
	at java.base/java.util.concurrent.Executors$RunnableAdapter.call(Executors.java:572) ~[?:?]
	at java.base/java.util.concurrent.FutureTask.run(FutureTask.java:317) ~[?:?]
	at java.base/java.util.concurrent.ScheduledThreadPoolExecutor$ScheduledFutureTask.run(ScheduledThreadPoolExecutor.java:304) ~[?:?]
	at java.base/java.util.concurrent.ThreadPoolExecutor.runWorker(ThreadPoolExecutor.java:1144) ~[?:?]
	at java.base/java.util.concurrent.ThreadPoolExecutor$Worker.run(ThreadPoolExecutor.java:642) ~[?:?]
	at java.base/java.lang.VirtualThread.run(VirtualThread.java:329) ~[?:?]
2025-04-10 14:51:12.672 [azure-sdk-global-thread-0] DEBUG com.azure.identity.SharedTokenCacheCredential - Azure Identity => ERROR in getToken() call for scopes [https://database.windows.net//.default]: SharedTokenCacheCredential authentication unavailable. No accounts were found in the cache.
2025-04-10 14:51:12.672 [azure-sdk-global-thread-0] INFO  com.azure.identity.ChainedTokenCredential - Azure Identity => Attempted credential SharedTokenCacheCredential is unavailable.
2025-04-10 14:51:12.710 [azure-sdk-global-thread-0] DEBUG com.azure.identity.implementation.IntelliJCacheAccessor - IntelliJCredential => Refresh Token Cache Unavailable: Cannot read the array length because "bytes" is null
2025-04-10 14:51:12.714 [azure-sdk-global-thread-0] DEBUG com.azure.identity.implementation.IdentityClient - IntelliJ authentication not available. Please login with the Azure Toolkit for IntelliJ. You may also need to upgrade to a newer version of the Azure Toolkit for IntelliJ. This authentication is supported on version 3.53 and higher. Please see https://aka.ms/azsdk/java/identity/intellijcredential/troubleshoot for more information.
com.azure.identity.CredentialUnavailableException: IntelliJ authentication not available. Please login with the Azure Toolkit for IntelliJ. You may also need to upgrade to a newer version of the Azure Toolkit for IntelliJ. This authentication is supported on version 3.53 and higher. Please see https://aka.ms/azsdk/java/identity/intellijcredential/troubleshoot for more information.
	at com.azure.identity.implementation.IdentityClient.authenticateWithIntelliJ(IdentityClient.java:254) ~[azure-identity-1.15.4.jar:1.15.4]
	at com.azure.identity.IntelliJCredential.lambda$getToken$2(IntelliJCredential.java:106) ~[azure-identity-1.15.4.jar:1.15.4]
	at reactor.core.publisher.MonoDefer.subscribe(MonoDefer.java:45) ~[reactor-core-3.4.41.jar:3.4.41]
	at reactor.core.publisher.Mono.subscribe(Mono.java:4491) ~[reactor-core-3.4.41.jar:3.4.41]
	at reactor.core.publisher.FluxSwitchIfEmpty$SwitchIfEmptySubscriber.onComplete(FluxSwitchIfEmpty.java:82) ~[reactor-core-3.4.41.jar:3.4.41]
	at reactor.core.publisher.Operators.complete(Operators.java:137) ~[reactor-core-3.4.41.jar:3.4.41]
	at reactor.core.publisher.MonoEmpty.subscribe(MonoEmpty.java:46) ~[reactor-core-3.4.41.jar:3.4.41]
	at reactor.core.publisher.MonoDefer.subscribe(MonoDefer.java:53) ~[reactor-core-3.4.41.jar:3.4.41]
	at reactor.core.publisher.Mono.subscribe(Mono.java:4491) ~[reactor-core-3.4.41.jar:3.4.41]
	at reactor.core.publisher.FluxFlatMap$FlatMapMain.onNext(FluxFlatMap.java:427) ~[reactor-core-3.4.41.jar:3.4.41]
	at reactor.core.publisher.FluxIterable$IterableSubscription.slowPath(FluxIterable.java:335) ~[reactor-core-3.4.41.jar:3.4.41]
	at reactor.core.publisher.FluxIterable$IterableSubscription.request(FluxIterable.java:294) ~[reactor-core-3.4.41.jar:3.4.41]
	at reactor.core.publisher.FluxFlatMap$FlatMapMain.drainLoop(FluxFlatMap.java:791) ~[reactor-core-3.4.41.jar:3.4.41]
	at reactor.core.publisher.FluxFlatMap$FlatMapMain.innerComplete(FluxFlatMap.java:895) ~[reactor-core-3.4.41.jar:3.4.41]
	at reactor.core.publisher.FluxFlatMap$FlatMapInner.onComplete(FluxFlatMap.java:998) ~[reactor-core-3.4.41.jar:3.4.41]
	at reactor.core.publisher.Operators$MultiSubscriptionSubscriber.onComplete(Operators.java:2060) ~[reactor-core-3.4.41.jar:3.4.41]
	at reactor.core.publisher.Operators.complete(Operators.java:137) ~[reactor-core-3.4.41.jar:3.4.41]
	at reactor.core.publisher.MonoEmpty.subscribe(MonoEmpty.java:46) ~[reactor-core-3.4.41.jar:3.4.41]
	at reactor.core.publisher.Mono.subscribe(Mono.java:4491) ~[reactor-core-3.4.41.jar:3.4.41]
	at reactor.core.publisher.FluxOnErrorResume$ResumeSubscriber.onError(FluxOnErrorResume.java:103) ~[reactor-core-3.4.41.jar:3.4.41]
	at reactor.core.publisher.FluxPeek$PeekSubscriber.onError(FluxPeek.java:222) ~[reactor-core-3.4.41.jar:3.4.41]
	at reactor.core.publisher.FluxOnErrorResume$ResumeSubscriber.onError(FluxOnErrorResume.java:106) ~[reactor-core-3.4.41.jar:3.4.41]
	at reactor.core.publisher.Operators.error(Operators.java:198) ~[reactor-core-3.4.41.jar:3.4.41]
	at reactor.core.publisher.MonoError.subscribe(MonoError.java:53) ~[reactor-core-3.4.41.jar:3.4.41]
	at reactor.core.publisher.Mono.subscribe(Mono.java:4491) ~[reactor-core-3.4.41.jar:3.4.41]
	at reactor.core.publisher.FluxOnErrorResume$ResumeSubscriber.onError(FluxOnErrorResume.java:103) ~[reactor-core-3.4.41.jar:3.4.41]
	at reactor.core.publisher.MonoPeekTerminal$MonoTerminalPeekSubscriber.onError(MonoPeekTerminal.java:258) ~[reactor-core-3.4.41.jar:3.4.41]
	at reactor.core.publisher.FluxPeekFuseable$PeekConditionalSubscriber.onError(FluxPeekFuseable.java:903) ~[reactor-core-3.4.41.jar:3.4.41]
	at reactor.core.publisher.FluxMap$MapConditionalSubscriber.onError(FluxMap.java:265) ~[reactor-core-3.4.41.jar:3.4.41]
	at reactor.core.publisher.Operators$MultiSubscriptionSubscriber.onError(Operators.java:2065) ~[reactor-core-3.4.41.jar:3.4.41]
	at reactor.core.publisher.MonoFlatMap$FlatMapMain.onNext(MonoFlatMap.java:142) ~[reactor-core-3.4.41.jar:3.4.41]
	at reactor.core.publisher.FluxOnErrorResume$ResumeSubscriber.onNext(FluxOnErrorResume.java:79) ~[reactor-core-3.4.41.jar:3.4.41]
	at reactor.core.publisher.Operators$MonoSubscriber.complete(Operators.java:1839) ~[reactor-core-3.4.41.jar:3.4.41]
	at reactor.core.publisher.MonoFlatMap$FlatMapInner.onNext(MonoFlatMap.java:249) ~[reactor-core-3.4.41.jar:3.4.41]
	at reactor.core.publisher.Operators$MonoSubscriber.complete(Operators.java:1839) ~[reactor-core-3.4.41.jar:3.4.41]
	at reactor.core.publisher.MonoCompletionStage.lambda$subscribe$0(MonoCompletionStage.java:100) ~[reactor-core-3.4.41.jar:3.4.41]
	at java.base/java.util.concurrent.CompletableFuture.uniHandle(CompletableFuture.java:934) ~[?:?]
	at java.base/java.util.concurrent.CompletableFuture$UniHandle.tryFire(CompletableFuture.java:911) ~[?:?]
	at java.base/java.util.concurrent.CompletableFuture.postComplete(CompletableFuture.java:510) ~[?:?]
	at java.base/java.util.concurrent.CompletableFuture$AsyncSupply.run(CompletableFuture.java:1773) ~[?:?]
	at java.base/java.util.concurrent.Executors$RunnableAdapter.call(Executors.java:572) ~[?:?]
	at java.base/java.util.concurrent.FutureTask.run(FutureTask.java:317) ~[?:?]
	at java.base/java.util.concurrent.ScheduledThreadPoolExecutor$ScheduledFutureTask.run(ScheduledThreadPoolExecutor.java:304) ~[?:?]
	at java.base/java.util.concurrent.ThreadPoolExecutor.runWorker(ThreadPoolExecutor.java:1144) ~[?:?]
	at java.base/java.util.concurrent.ThreadPoolExecutor$Worker.run(ThreadPoolExecutor.java:642) ~[?:?]
	at java.base/java.lang.VirtualThread.run(VirtualThread.java:329) ~[?:?]
