2025-04-03 08:39:20.131 [main] WARN  org.hibernate.orm.deprecation - HHH90000025: SQLServerDialect does not need to be specified explicitly using 'hibernate.dialect' (remove the property setting and it will be selected by default)
2025-04-03 08:39:20.202 [main] DEBUG org.hibernate.orm.dialect - HHH035001: Using dialect: org.hibernate.dialect.SQLServerDialect, version: 11.0
2025-04-03 08:39:20.315 [main] DEBUG org.hibernate.engine.jdbc.env.spi.IdentifierHelperBuilder - IdentifierCaseStrategy for both quoted and unquoted identifiers was set to the same strategy [MIXED]; that will likely lead to problems in schema update and validation if using quoted identifiers
2025-04-03 08:39:20.463 [main] DEBUG org.hibernate.orm.jdbc.lob - HHH10010002: Disabling contextual LOB creation as connection was null
2025-04-03 08:39:20.579 [main] INFO  org.hibernate.orm.connections.pooling - HHH10001005: Database info:
	Database JDBC URL [jdbc:sqlserver://utilipay-v2.database.windows.net:1433;
            database=utilipay-dev;
            encrypt=true;
            authentication=ActiveDirectoryDefault]
	Database driver: com.microsoft.sqlserver.jdbc.SQLServerDriver
	Database version: 11.0
	Autocommit mode: false
	Isolation level: undefined/unknown
	Minimum pool size: 1
	Maximum pool size: 20
2025-04-03 08:39:20.604 [main] DEBUG org.hibernate.engine.jdbc.spi.SqlExceptionHelper - Error calling Driver.connect() ["encrypt" property is set to "true" and "trustServerCertificate" property is set to "false" but the driver could not establish a secure connection to SQL Server by using Secure Sockets Layer (SSL) encryption: Error: Connection reset by peer ClientConnectionId:9f03f7af-acf5-44fb-a598-4b34da281270.] [n/a]
com.microsoft.sqlserver.jdbc.SQLServerException: "encrypt" property is set to "true" and "trustServerCertificate" property is set to "false" but the driver could not establish a secure connection to SQL Server by using Secure Sockets Layer (SSL) encryption: Error: Connection reset by peer ClientConnectionId:9f03f7af-acf5-44fb-a598-4b34da281270.
	at com.microsoft.sqlserver.jdbc.SQLServerConnection.terminate(SQLServerConnection.java:4580) ~[mssql-jdbc-12.10.0.jre11.jar:?]
	at com.microsoft.sqlserver.jdbc.TDSChannel.enableSSL(IOBuffer.java:1965) ~[mssql-jdbc-12.10.0.jre11.jar:?]
	at com.microsoft.sqlserver.jdbc.SQLServerConnection.connectHelper(SQLServerConnection.java:4102) ~[mssql-jdbc-12.10.0.jre11.jar:?]
	at com.microsoft.sqlserver.jdbc.SQLServerConnection.login(SQLServerConnection.java:3690) ~[mssql-jdbc-12.10.0.jre11.jar:?]
	at com.microsoft.sqlserver.jdbc.SQLServerConnection.connectInternal(SQLServerConnection.java:3499) ~[mssql-jdbc-12.10.0.jre11.jar:?]
	at com.microsoft.sqlserver.jdbc.SQLServerConnection.connect(SQLServerConnection.java:2207) ~[mssql-jdbc-12.10.0.jre11.jar:?]
	at com.microsoft.sqlserver.jdbc.SQLServerDriver.connect(SQLServerDriver.java:1320) ~[mssql-jdbc-12.10.0.jre11.jar:?]
	at org.hibernate.engine.jdbc.connections.internal.DriverConnectionCreator.makeConnection(DriverConnectionCreator.java:40) [hibernate-core-6.6.8.Final.jar:6.6.8.Final]
	at org.hibernate.engine.jdbc.connections.internal.BasicConnectionCreator.createConnection(BasicConnectionCreator.java:61) [hibernate-core-6.6.8.Final.jar:6.6.8.Final]
	at org.hibernate.engine.jdbc.connections.internal.DriverManagerConnectionProviderImpl$PooledConnections.addConnections(DriverManagerConnectionProviderImpl.java:507) [hibernate-core-6.6.8.Final.jar:6.6.8.Final]
	at org.hibernate.engine.jdbc.connections.internal.DriverManagerConnectionProviderImpl$PooledConnections.<init>(DriverManagerConnectionProviderImpl.java:380) [hibernate-core-6.6.8.Final.jar:6.6.8.Final]
	at org.hibernate.engine.jdbc.connections.internal.DriverManagerConnectionProviderImpl$PooledConnections$Builder.build(DriverManagerConnectionProviderImpl.java:558) [hibernate-core-6.6.8.Final.jar:6.6.8.Final]
	at org.hibernate.engine.jdbc.connections.internal.DriverManagerConnectionProviderImpl.buildPool(DriverManagerConnectionProviderImpl.java:107) [hibernate-core-6.6.8.Final.jar:6.6.8.Final]
	at org.hibernate.engine.jdbc.connections.internal.DriverManagerConnectionProviderImpl.configure(DriverManagerConnectionProviderImpl.java:87) [hibernate-core-6.6.8.Final.jar:6.6.8.Final]
	at org.hibernate.boot.registry.internal.StandardServiceRegistryImpl.configureService(StandardServiceRegistryImpl.java:136) [hibernate-core-6.6.8.Final.jar:6.6.8.Final]
	at org.hibernate.service.internal.AbstractServiceRegistryImpl.initializeService(AbstractServiceRegistryImpl.java:247) [hibernate-core-6.6.8.Final.jar:6.6.8.Final]
	at org.hibernate.service.internal.AbstractServiceRegistryImpl.getService(AbstractServiceRegistryImpl.java:215) [hibernate-core-6.6.8.Final.jar:6.6.8.Final]
	at org.hibernate.service.ServiceRegistry.requireService(ServiceRegistry.java:68) [hibernate-core-6.6.8.Final.jar:6.6.8.Final]
	at org.hibernate.engine.jdbc.env.internal.JdbcEnvironmentInitiator.buildJdbcConnectionAccess(JdbcEnvironmentInitiator.java:434) [hibernate-core-6.6.8.Final.jar:6.6.8.Final]
	at org.hibernate.engine.jdbc.env.internal.JdbcEnvironmentInitiator.getJdbcEnvironmentUsingJdbcMetadata(JdbcEnvironmentInitiator.java:305) [hibernate-core-6.6.8.Final.jar:6.6.8.Final]
	at org.hibernate.engine.jdbc.env.internal.JdbcEnvironmentInitiator.initiateService(JdbcEnvironmentInitiator.java:129) [hibernate-core-6.6.8.Final.jar:6.6.8.Final]
	at org.hibernate.engine.jdbc.env.internal.JdbcEnvironmentInitiator.initiateService(JdbcEnvironmentInitiator.java:81) [hibernate-core-6.6.8.Final.jar:6.6.8.Final]
	at org.hibernate.boot.registry.internal.StandardServiceRegistryImpl.initiateService(StandardServiceRegistryImpl.java:130) [hibernate-core-6.6.8.Final.jar:6.6.8.Final]
	at org.hibernate.service.internal.AbstractServiceRegistryImpl.createService(AbstractServiceRegistryImpl.java:263) [hibernate-core-6.6.8.Final.jar:6.6.8.Final]
	at org.hibernate.service.internal.AbstractServiceRegistryImpl.initializeService(AbstractServiceRegistryImpl.java:238) [hibernate-core-6.6.8.Final.jar:6.6.8.Final]
	at org.hibernate.service.internal.AbstractServiceRegistryImpl.getService(AbstractServiceRegistryImpl.java:215) [hibernate-core-6.6.8.Final.jar:6.6.8.Final]
	at org.hibernate.boot.model.relational.Database.<init>(Database.java:45) [hibernate-core-6.6.8.Final.jar:6.6.8.Final]
	at org.hibernate.boot.internal.InFlightMetadataCollectorImpl.getDatabase(InFlightMetadataCollectorImpl.java:226) [hibernate-core-6.6.8.Final.jar:6.6.8.Final]
	at org.hibernate.boot.internal.InFlightMetadataCollectorImpl.<init>(InFlightMetadataCollectorImpl.java:194) [hibernate-core-6.6.8.Final.jar:6.6.8.Final]
	at org.hibernate.boot.model.process.spi.MetadataBuildingProcess.complete(MetadataBuildingProcess.java:171) [hibernate-core-6.6.8.Final.jar:6.6.8.Final]
	at org.hibernate.boot.model.process.spi.MetadataBuildingProcess.build(MetadataBuildingProcess.java:129) [hibernate-core-6.6.8.Final.jar:6.6.8.Final]
	at org.hibernate.boot.internal.MetadataBuilderImpl.build(MetadataBuilderImpl.java:449) [hibernate-core-6.6.8.Final.jar:6.6.8.Final]
	at org.hibernate.boot.internal.MetadataBuilderImpl.build(MetadataBuilderImpl.java:101) [hibernate-core-6.6.8.Final.jar:6.6.8.Final]
	at org.hibernate.cfg.Configuration.buildSessionFactory(Configuration.java:949) [hibernate-core-6.6.8.Final.jar:6.6.8.Final]
	at org.hibernate.cfg.Configuration.buildSessionFactory(Configuration.java:999) [hibernate-core-6.6.8.Final.jar:6.6.8.Final]
	at UtilipayV2Hybrid.utilities.HibernateUtil.buildSessionFactory(HibernateUtil.java:11) [test-classes/:?]
	at UtilipayV2Hybrid.utilities.HibernateUtil.<clinit>(HibernateUtil.java:7) [test-classes/:?]
	at UtilipayV2Hybrid.testCases.DatabaseTest.setup(DatabaseTest.java:22) [test-classes/:?]
	at java.base/jdk.internal.reflect.DirectMethodHandleAccessor.invoke(DirectMethodHandleAccessor.java:103) ~[?:?]
	at java.base/java.lang.reflect.Method.invoke(Method.java:580) ~[?:?]
	at org.testng.internal.MethodInvocationHelper.invokeMethod(MethodInvocationHelper.java:133) [org.testng_7.4.0.r202105021533.jar:7.4.0]
	at org.testng.internal.MethodInvocationHelper.invokeMethodConsideringTimeout(MethodInvocationHelper.java:62) [org.testng_7.4.0.r202105021533.jar:7.4.0]
	at org.testng.internal.ConfigInvoker.invokeConfigurationMethod(ConfigInvoker.java:385) [org.testng_7.4.0.r202105021533.jar:7.4.0]
	at org.testng.internal.ConfigInvoker.invokeConfigurations(ConfigInvoker.java:321) [org.testng_7.4.0.r202105021533.jar:7.4.0]
	at org.testng.TestRunner.invokeTestConfigurations(TestRunner.java:637) [org.testng_7.4.0.r202105021533.jar:7.4.0]
	at org.testng.TestRunner.beforeRun(TestRunner.java:627) [org.testng_7.4.0.r202105021533.jar:7.4.0]
	at org.testng.TestRunner.run(TestRunner.java:589) [org.testng_7.4.0.r202105021533.jar:7.4.0]
	at org.testng.SuiteRunner.runTest(SuiteRunner.java:377) [org.testng_7.4.0.r202105021533.jar:7.4.0]
	at org.testng.SuiteRunner.runSequentially(SuiteRunner.java:371) [org.testng_7.4.0.r202105021533.jar:7.4.0]
	at org.testng.SuiteRunner.privateRun(SuiteRunner.java:332) [org.testng_7.4.0.r202105021533.jar:7.4.0]
	at org.testng.SuiteRunner.run(SuiteRunner.java:276) [org.testng_7.4.0.r202105021533.jar:7.4.0]
	at org.testng.SuiteRunnerWorker.runSuite(SuiteRunnerWorker.java:53) [org.testng_7.4.0.r202105021533.jar:7.4.0]
	at org.testng.SuiteRunnerWorker.run(SuiteRunnerWorker.java:96) [org.testng_7.4.0.r202105021533.jar:7.4.0]
	at org.testng.TestNG.runSuitesSequentially(TestNG.java:1212) [org.testng_7.4.0.r202105021533.jar:7.4.0]
	at org.testng.TestNG.runSuitesLocally(TestNG.java:1134) [org.testng_7.4.0.r202105021533.jar:7.4.0]
	at org.testng.TestNG.runSuites(TestNG.java:1063) [org.testng_7.4.0.r202105021533.jar:7.4.0]
	at org.testng.TestNG.run(TestNG.java:1031) [org.testng_7.4.0.r202105021533.jar:7.4.0]
	at org.testng.remote.AbstractRemoteTestNG.run(AbstractRemoteTestNG.java:115) [testng-remote.jar:?]
	at org.testng.remote.RemoteTestNG.initAndRun(RemoteTestNG.java:293) [testng-remote.jar:?]
	at org.testng.remote.RemoteTestNG.main(RemoteTestNG.java:91) [testng-remote.jar:?]
Caused by: javax.net.ssl.SSLException: Connection reset by peer ClientConnectionId:9f03f7af-acf5-44fb-a598-4b34da281270
	at java.base/sun.security.ssl.Alert.createSSLException(Alert.java:126) ~[?:?]
	at java.base/sun.security.ssl.TransportContext.fatal(TransportContext.java:378) ~[?:?]
	at java.base/sun.security.ssl.TransportContext.fatal(TransportContext.java:321) ~[?:?]
	at java.base/sun.security.ssl.TransportContext.fatal(TransportContext.java:316) ~[?:?]
	at java.base/sun.security.ssl.SSLTransport.decode(SSLTransport.java:145) ~[?:?]
	at java.base/sun.security.ssl.SSLSocketImpl.decode(SSLSocketImpl.java:1506) ~[?:?]
	at java.base/sun.security.ssl.SSLSocketImpl.readHandshakeRecord(SSLSocketImpl.java:1421) ~[?:?]
	at java.base/sun.security.ssl.SSLSocketImpl.startHandshake(SSLSocketImpl.java:455) ~[?:?]
	at java.base/sun.security.ssl.SSLSocketImpl.startHandshake(SSLSocketImpl.java:426) ~[?:?]
	at com.microsoft.sqlserver.jdbc.TDSChannel.enableSSL(IOBuffer.java:1854) ~[mssql-jdbc-12.10.0.jre11.jar:?]
	... 58 more
Caused by: java.io.IOException: Connection reset by peer ClientConnectionId:9f03f7af-acf5-44fb-a598-4b34da281270
	at com.microsoft.sqlserver.jdbc.TDSChannel$SSLHandshakeInputStream.ensureSSLPayload(IOBuffer.java:885) ~[mssql-jdbc-12.10.0.jre11.jar:?]
	at com.microsoft.sqlserver.jdbc.TDSChannel$SSLHandshakeInputStream.readInternal(IOBuffer.java:949) ~[mssql-jdbc-12.10.0.jre11.jar:?]
	at com.microsoft.sqlserver.jdbc.TDSChannel$SSLHandshakeInputStream.read(IOBuffer.java:942) ~[mssql-jdbc-12.10.0.jre11.jar:?]
	at com.microsoft.sqlserver.jdbc.TDSChannel$ProxyInputStream.readInternal(IOBuffer.java:1206) ~[mssql-jdbc-12.10.0.jre11.jar:?]
	at com.microsoft.sqlserver.jdbc.TDSChannel$ProxyInputStream.read(IOBuffer.java:1192) ~[mssql-jdbc-12.10.0.jre11.jar:?]
	at java.base/sun.security.ssl.SSLSocketInputRecord.read(SSLSocketInputRecord.java:489) ~[?:?]
	at java.base/sun.security.ssl.SSLSocketInputRecord.readHeader(SSLSocketInputRecord.java:483) ~[?:?]
	at java.base/sun.security.ssl.SSLSocketInputRecord.decode(SSLSocketInputRecord.java:160) ~[?:?]
	at java.base/sun.security.ssl.SSLTransport.decode(SSLTransport.java:111) ~[?:?]
	at java.base/sun.security.ssl.SSLSocketImpl.decode(SSLSocketImpl.java:1506) ~[?:?]
	at java.base/sun.security.ssl.SSLSocketImpl.readHandshakeRecord(SSLSocketImpl.java:1421) ~[?:?]
	at java.base/sun.security.ssl.SSLSocketImpl.startHandshake(SSLSocketImpl.java:455) ~[?:?]
	at java.base/sun.security.ssl.SSLSocketImpl.startHandshake(SSLSocketImpl.java:426) ~[?:?]
	at com.microsoft.sqlserver.jdbc.TDSChannel.enableSSL(IOBuffer.java:1854) ~[mssql-jdbc-12.10.0.jre11.jar:?]
	... 58 more
