2025-06-24 13:20:28.094 [main] INFO  UtilipayV2Hybrid.testBase.Base - ***Enter login credentials/Click Login***
2025-06-24 13:20:29.429 [main] INFO  UtilipayV2Hybrid.testBase.Base - ***Navigate to Engineering Page***
2025-06-24 13:20:52.399 [main] INFO  UtilipayV2Hybrid.testBase.Base - ***Starting Generate Engineering token Test***
2025-06-24 13:20:52.402 [main] INFO  UtilipayV2Hybrid.testBase.Base - ***Click Developer/Tester Login***
2025-06-24 13:20:52.403 [main] INFO  UtilipayV2Hybrid.testBase.Base - ***Enter login credentials/Click Login***
2025-06-24 13:24:33.742 [main] INFO  UtilipayV2Hybrid.testBase.Base - ***Starting Generate Engineering token Test***
2025-06-24 13:24:33.817 [main] INFO  UtilipayV2Hybrid.testBase.Base - ***Click Developer/Tester Login***
2025-06-24 13:24:33.818 [main] INFO  UtilipayV2Hybrid.testBase.Base - ***Enter login credentials/Click Login***
2025-06-24 13:24:34.127 [main] INFO  UtilipayV2Hybrid.testBase.Base - ***Navigate to Engineering Page***
2025-06-24 13:24:38.089 [main] INFO  UtilipayV2Hybrid.testBase.Base - ***Starting Generate Engineering token Test***
2025-06-24 13:24:38.090 [main] INFO  UtilipayV2Hybrid.testBase.Base - ***Click Developer/Tester Login***
2025-06-24 13:24:38.091 [main] INFO  UtilipayV2Hybrid.testBase.Base - ***Enter login credentials/Click Login***
2025-06-24 13:35:32.942 [main] INFO  UtilipayV2Hybrid.testBase.Base - ***Starting Generate Engineering token Test***
2025-06-24 13:35:33.142 [main] INFO  UtilipayV2Hybrid.testBase.Base - ***Click Developer/Tester Login***
2025-06-24 13:35:33.142 [main] INFO  UtilipayV2Hybrid.testBase.Base - ***Enter login credentials/Click Login***
2025-06-24 13:35:34.951 [main] INFO  UtilipayV2Hybrid.testBase.Base - ***Navigate to Engineering Page***
2025-06-24 13:37:43.316 [main] INFO  UtilipayV2Hybrid.testBase.Base - ***Starting Generate Engineering token Test***
2025-06-24 13:37:43.478 [main] INFO  UtilipayV2Hybrid.testBase.Base - ***Click Developer/Tester Login***
2025-06-24 13:37:43.478 [main] INFO  UtilipayV2Hybrid.testBase.Base - ***Enter login credentials/Click Login***
2025-06-24 13:37:44.403 [main] INFO  UtilipayV2Hybrid.testBase.Base - ***Navigate to Engineering Page***
2025-06-24 13:49:43.765 [main] INFO  UtilipayV2Hybrid.testBase.Base - ***Starting Generate Engineering token Test***
2025-06-24 13:49:43.920 [main] INFO  UtilipayV2Hybrid.testBase.Base - ***Click Developer/Tester Login***
2025-06-24 13:49:43.923 [main] INFO  UtilipayV2Hybrid.testBase.Base - ***Enter login credentials/Click Login***
2025-06-24 13:49:44.247 [main] INFO  UtilipayV2Hybrid.testBase.Base - ***Navigate to Engineering Page***
2025-06-24 13:49:46.643 [main] INFO  UtilipayV2Hybrid.testBase.Base - Processing: encrypt credit token
2025-06-24 13:54:30.805 [main] INFO  UtilipayV2Hybrid.testBase.Base - ***Starting Generate Engineering token Test***
2025-06-24 13:54:30.967 [main] INFO  UtilipayV2Hybrid.testBase.Base - ***Click Developer/Tester Login***
2025-06-24 13:54:30.968 [main] INFO  UtilipayV2Hybrid.testBase.Base - ***Enter login credentials/Click Login***
2025-06-24 13:54:32.435 [main] INFO  UtilipayV2Hybrid.testBase.Base - ***Navigate to Engineering Page***
2025-06-24 13:54:33.044 [main] INFO  UtilipayV2Hybrid.testBase.Base - Processing: encrypt credit token
2025-06-24 13:56:20.755 [main] INFO  UtilipayV2Hybrid.testBase.Base - Processing: verify encrypted token
2025-06-24 13:56:47.314 [main] INFO  UtilipayV2Hybrid.testBase.Base - Processing: manufacturing token
2025-06-24 13:57:18.031 [main] INFO  UtilipayV2Hybrid.testBase.Base - Processing: manufacturing key change token
2025-06-24 13:57:37.315 [main] INFO  UtilipayV2Hybrid.testBase.Base - Processing: manufacturing mngt function token
2025-06-24 13:57:56.112 [main] INFO  UtilipayV2Hybrid.testBase.Base - Processing: key change token
2025-06-24 13:58:14.876 [main] INFO  UtilipayV2Hybrid.testBase.Base - Processing: management function token
2025-06-24 13:58:33.957 [main] INFO  UtilipayV2Hybrid.testBase.Base - ***Starting Generate Engineering token Test***
2025-06-24 13:58:33.958 [main] INFO  UtilipayV2Hybrid.testBase.Base - ***Click Developer/Tester Login***
2025-06-24 13:58:33.958 [main] INFO  UtilipayV2Hybrid.testBase.Base - ***Enter login credentials/Click Login***
2025-06-24 14:03:45.430 [main] INFO  UtilipayV2Hybrid.testBase.Base - ***Starting Generate Engineering token Test***
2025-06-24 14:03:45.546 [main] INFO  UtilipayV2Hybrid.testBase.Base - ***Click Developer/Tester Login***
2025-06-24 14:03:45.547 [main] INFO  UtilipayV2Hybrid.testBase.Base - ***Enter login credentials/Click Login***
2025-06-24 14:03:45.850 [main] INFO  UtilipayV2Hybrid.testBase.Base - ***Navigate to Engineering Page***
2025-06-24 14:03:47.764 [main] INFO  UtilipayV2Hybrid.testBase.Base - Processing: encrypt credit token
2025-06-24 14:04:06.911 [main] INFO  UtilipayV2Hybrid.testBase.Base - Processing: verify encrypted token
2025-06-24 14:04:27.778 [main] INFO  UtilipayV2Hybrid.testBase.Base - Processing: manufacturing token
