2025-08-26 16:36:54.772 [main] INFO  UtilipayV2Hybrid.testBase.Base - === Generating report: prepaid sales ===
2025-08-26 16:36:54.782 [main] ERROR UtilipayV2Hybrid.testBase.Base - Exception for report [prepaid sales]: Error communicating with the remote browser. It may have died.
Build info: version: '4.35.0', revision: '1c58e5028b'
System info: os.name: 'Windows 11', os.arch: 'amd64', os.version: '10.0', java.version: '21.0.5'
Driver info: org.openqa.selenium.chrome.ChromeDriver
Command: [fa4636f7c08827ea79757788e61ffb98, findElement {value=div.toast-message, using=css selector}]
Capabilities {acceptInsecureCerts: false, browserName: chrome, browserVersion: 139.0.7258.129, chrome: {chromedriverVersion: 139.0.7258.138 (884e54ea8d4..., userDataDir: C:\Users\DEAN~1.ASC\AppData...}, fedcm:accounts: true, goog:chromeOptions: {debuggerAddress: localhost:51761}, networkConnectionEnabled: false, pageLoadStrategy: normal, platformName: windows, proxy: Proxy(), se:cdp: ws://localhost:51761/devtoo..., se:cdpVersion: 139.0.7258.129, setWindowRect: true, strictFileInteractability: false, timeouts: {implicit: 0, pageLoad: 300000, script: 30000}, unhandledPromptBehavior: dismiss and notify, webauthn:extension:credBlob: true, webauthn:extension:largeBlob: true, webauthn:extension:minPinLength: true, webauthn:extension:prf: true, webauthn:virtualAuthenticators: true}
Session ID: fa4636f7c08827ea79757788e61ffb98
2025-08-26 16:37:47.405 [main] INFO  UtilipayV2Hybrid.testBase.Base - *** Setting up Reporting Test ***
2025-08-26 16:37:47.460 [main] INFO  UtilipayV2Hybrid.testBase.Base - *** Logging in ***
2025-08-26 16:37:48.065 [main] INFO  UtilipayV2Hybrid.testBase.Base - *** Navigating to Reporting Section ***
2025-08-26 16:37:48.965 [main] INFO  UtilipayV2Hybrid.testBase.Base - === Generating report: custom report ===
2025-08-26 16:38:09.867 [main] INFO  UtilipayV2Hybrid.testBase.Base - Status message for [custom report]: No status message displayed.
2025-08-26 16:38:09.985 [main] INFO  UtilipayV2Hybrid.testBase.Base - === Generating report: day end ===
2025-08-26 16:41:26.088 [main] INFO  UtilipayV2Hybrid.testBase.Base - *** Setting up Reporting Test ***
2025-08-26 16:41:26.182 [main] INFO  UtilipayV2Hybrid.testBase.Base - *** Logging in ***
2025-08-26 16:41:26.794 [main] INFO  UtilipayV2Hybrid.testBase.Base - *** Navigating to Reporting Section ***
2025-08-26 16:41:28.551 [main] INFO  UtilipayV2Hybrid.testBase.Base - === Generating report: custom report ===
2025-08-26 16:41:52.020 [main] INFO  UtilipayV2Hybrid.testBase.Base - Status message for [custom report]: No status message displayed.
2025-08-26 16:41:52.141 [main] INFO  UtilipayV2Hybrid.testBase.Base - === Generating report: day end ===
2025-08-26 16:42:22.208 [main] INFO  UtilipayV2Hybrid.testBase.Base - Status message for [day end]: No status message displayed.
2025-08-26 16:42:22.312 [main] INFO  UtilipayV2Hybrid.testBase.Base - === Generating report: month end ===
2025-08-26 16:42:52.448 [main] INFO  UtilipayV2Hybrid.testBase.Base - Status message for [month end]: No status message displayed.
2025-08-26 16:42:52.561 [main] INFO  UtilipayV2Hybrid.testBase.Base - === Generating report: low purchase ===
2025-08-26 16:44:09.184 [main] INFO  UtilipayV2Hybrid.testBase.Base - *** Setting up Reporting Test ***
2025-08-26 16:44:09.258 [main] INFO  UtilipayV2Hybrid.testBase.Base - *** Logging in ***
2025-08-26 16:44:09.702 [main] INFO  UtilipayV2Hybrid.testBase.Base - *** Navigating to Reporting Section ***
2025-08-26 16:44:10.970 [main] INFO  UtilipayV2Hybrid.testBase.Base - === Generating report: custom report ===
2025-08-26 16:45:53.833 [main] INFO  UtilipayV2Hybrid.testBase.Base - *** Setting up Reporting Test ***
2025-08-26 16:45:53.961 [main] INFO  UtilipayV2Hybrid.testBase.Base - *** Logging in ***
2025-08-26 16:45:54.681 [main] INFO  UtilipayV2Hybrid.testBase.Base - *** Navigating to Reporting Section ***
2025-08-26 16:45:55.744 [main] INFO  UtilipayV2Hybrid.testBase.Base - === Generating report: custom report ===
2025-08-26 16:47:03.639 [main] INFO  UtilipayV2Hybrid.testBase.Base - === Generating report: custom report ===
2025-08-26 16:48:27.344 [main] INFO  UtilipayV2Hybrid.testBase.Base - *** Setting up Reporting Test ***
2025-08-26 16:48:27.410 [main] INFO  UtilipayV2Hybrid.testBase.Base - *** Logging in ***
2025-08-26 16:48:27.797 [main] INFO  UtilipayV2Hybrid.testBase.Base - *** Navigating to Reporting Section ***
2025-08-26 16:48:29.583 [main] INFO  UtilipayV2Hybrid.testBase.Base - === Generating report: custom report ===
2025-08-26 16:48:50.947 [main] INFO  UtilipayV2Hybrid.testBase.Base - Status message for [custom report]: No status message displayed.
2025-08-26 16:48:51.067 [main] INFO  UtilipayV2Hybrid.testBase.Base - === Generating report: day end ===
2025-08-26 16:53:56.423 [main] INFO  UtilipayV2Hybrid.testBase.Base - *** Setting up Reporting Test ***
2025-08-26 16:53:56.518 [main] INFO  UtilipayV2Hybrid.testBase.Base - *** Logging in ***
