2025-07-16 16:57:45.422 [main] INFO  UtilipayV2Hybrid.testBase.Base - === Generating report: arrears recovered ===
2025-07-16 16:58:06.653 [main] INFO  UtilipayV2Hybrid.testBase.Base - === Generating report: custom report ===
2025-07-16 16:58:18.035 [main] INFO  UtilipayV2Hybrid.testBase.Base - === Generating report: prepaid sales ===
2025-07-16 16:58:38.245 [main] INFO  UtilipayV2Hybrid.testBase.Base - === Generating report: day end ===
2025-07-16 16:58:59.622 [main] INFO  UtilipayV2Hybrid.testBase.Base - === Generating report: month end ===
2025-07-16 16:59:18.611 [main] INFO  UtilipayV2Hybrid.testBase.Base - === Generating report: low purchase ===
2025-07-16 16:59:38.997 [main] INFO  UtilipayV2Hybrid.testBase.Base - === Generating report: free basic ===
2025-07-16 16:59:58.273 [main] INFO  UtilipayV2Hybrid.testBase.Base - === Generating report: arrears recovered ===
2025-07-16 17:00:18.915 [main] INFO  UtilipayV2Hybrid.testBase.Base - === Generating report: custom report ===
2025-07-16 17:05:13.939 [main] INFO  UtilipayV2Hybrid.testBase.Base - *** Setting up Reporting Test ***
2025-07-16 17:05:14.054 [main] INFO  UtilipayV2Hybrid.testBase.Base - *** Logging in ***
2025-07-16 17:05:15.036 [main] INFO  UtilipayV2Hybrid.testBase.Base - *** Navigating to Reporting Section ***
2025-07-16 17:05:16.732 [main] INFO  UtilipayV2Hybrid.testBase.Base - === Generating report: prepaid sales ===
2025-07-16 17:05:25.887 [main] INFO  UtilipayV2Hybrid.testBase.Base - === Generating report: day end ===
2025-07-16 17:05:32.870 [main] INFO  UtilipayV2Hybrid.testBase.Base - === Generating report: month end ===
2025-07-16 17:05:36.533 [main] INFO  UtilipayV2Hybrid.testBase.Base - === Generating report: low purchase ===
2025-07-16 17:05:41.953 [main] INFO  UtilipayV2Hybrid.testBase.Base - === Generating report: free basic ===
2025-07-16 17:05:45.333 [main] INFO  UtilipayV2Hybrid.testBase.Base - === Generating report: arrears recovered ===
2025-07-16 17:05:49.679 [main] INFO  UtilipayV2Hybrid.testBase.Base - === Generating report: custom report ===
2025-07-16 17:05:51.035 [main] INFO  UtilipayV2Hybrid.testBase.Base - *** Reporting Test Completed ***
2025-07-16 17:09:34.008 [main] INFO  UtilipayV2Hybrid.testBase.Base - *** Setting up Reporting Test ***
2025-07-16 17:09:34.055 [main] INFO  UtilipayV2Hybrid.testBase.Base - *** Logging in ***
2025-07-16 17:09:34.506 [main] INFO  UtilipayV2Hybrid.testBase.Base - *** Navigating to Reporting Section ***
2025-07-16 17:09:35.832 [main] INFO  UtilipayV2Hybrid.testBase.Base - === Generating report: prepaid sales ===
2025-07-16 17:09:40.651 [main] INFO  UtilipayV2Hybrid.testBase.Base - === Generating report: day end ===
2025-07-16 17:09:46.567 [main] INFO  UtilipayV2Hybrid.testBase.Base - === Generating report: month end ===
2025-07-16 17:09:50.016 [main] INFO  UtilipayV2Hybrid.testBase.Base - === Generating report: low purchase ===
2025-07-16 17:09:56.131 [main] INFO  UtilipayV2Hybrid.testBase.Base - === Generating report: free basic ===
2025-07-16 17:09:58.928 [main] INFO  UtilipayV2Hybrid.testBase.Base - === Generating report: arrears recovered ===
2025-07-16 17:10:02.825 [main] INFO  UtilipayV2Hybrid.testBase.Base - === Generating report: custom report ===
2025-07-16 17:10:04.114 [main] INFO  UtilipayV2Hybrid.testBase.Base - *** Reporting Test Completed ***
2025-07-16 17:13:18.885 [main] INFO  UtilipayV2Hybrid.testBase.Base - *** Setting up Reporting Test ***
2025-07-16 17:13:18.979 [main] INFO  UtilipayV2Hybrid.testBase.Base - *** Logging in ***
2025-07-16 17:13:20.214 [main] INFO  UtilipayV2Hybrid.testBase.Base - *** Navigating to Reporting Section ***
2025-07-16 17:13:21.831 [main] INFO  UtilipayV2Hybrid.testBase.Base - === Generating report: prepaid sales ===
2025-07-16 17:13:33.538 [main] INFO  UtilipayV2Hybrid.testBase.Base - === Generating report: day end ===
2025-07-16 17:13:41.036 [main] INFO  UtilipayV2Hybrid.testBase.Base - === Generating report: month end ===
2025-07-16 17:13:46.392 [main] INFO  UtilipayV2Hybrid.testBase.Base - === Generating report: low purchase ===
2025-07-16 17:13:53.556 [main] INFO  UtilipayV2Hybrid.testBase.Base - === Generating report: free basic ===
2025-07-16 17:13:59.976 [main] INFO  UtilipayV2Hybrid.testBase.Base - === Generating report: arrears recovered ===
2025-07-16 17:14:06.450 [main] INFO  UtilipayV2Hybrid.testBase.Base - === Generating report: custom report ===
2025-07-16 17:14:07.862 [main] INFO  UtilipayV2Hybrid.testBase.Base - *** Reporting Test Completed ***
2025-07-16 17:17:25.712 [main] INFO  UtilipayV2Hybrid.testBase.Base - *** Setting up Reporting Test ***
2025-07-16 17:17:25.782 [main] INFO  UtilipayV2Hybrid.testBase.Base - *** Logging in ***
2025-07-16 17:17:26.505 [main] INFO  UtilipayV2Hybrid.testBase.Base - *** Navigating to Reporting Section ***
2025-07-16 17:17:28.100 [main] INFO  UtilipayV2Hybrid.testBase.Base - === Generating report: prepaid sales ===
2025-07-16 17:17:33.746 [main] INFO  UtilipayV2Hybrid.testBase.Base - Status message for [prepaid sales]: Your report is being prepared. you will receive an email ones it is ready!
