2025-09-15 11:59:15.845 [main] INFO  UtilipayV2Hybrid.testBase.Base - === Generating report: automation report ===
2025-09-15 11:59:23.587 [main] INFO  UtilipayV2Hybrid.testBase.Base - === Generating report: prepaid sales ===
2025-09-15 11:59:31.620 [main] INFO  UtilipayV2Hybrid.testBase.Base - === Generating report: day end ===
2025-09-15 11:59:41.416 [main] INFO  UtilipayV2Hybrid.testBase.Base - === Generating report: month end ===
2025-09-15 11:59:46.669 [main] INFO  UtilipayV2Hybrid.testBase.Base - === Generating report: low purchase ===
2025-09-15 11:59:52.398 [main] INFO  UtilipayV2Hybrid.testBase.Base - === Generating report: free basic ===
2025-09-15 11:59:59.026 [main] INFO  UtilipayV2Hybrid.testBase.Base - === Generating report: arrears recovered ===
2025-09-15 12:00:03.389 [main] INFO  UtilipayV2Hybrid.testBase.Base - *** Reporting Test Completed ***
2025-09-15 12:00:04.373 [main] INFO  UtilipayV2Hybrid.testBase.Base - Processing: encrypt credit token
2025-09-15 12:00:20.147 [main] INFO  UtilipayV2Hybrid.testBase.Base - Processing: verify encrypted token
2025-09-15 12:00:35.661 [main] INFO  UtilipayV2Hybrid.testBase.Base - Processing: manufacturing token
2025-09-15 12:00:50.757 [main] INFO  UtilipayV2Hybrid.testBase.Base - Processing: manufacturing key change token
2025-09-15 12:01:05.371 [main] INFO  UtilipayV2Hybrid.testBase.Base - Processing: manufacturing mngt function token
2025-09-15 12:01:19.516 [main] INFO  UtilipayV2Hybrid.testBase.Base - Processing: key change token
2025-09-15 12:01:35.442 [main] INFO  UtilipayV2Hybrid.testBase.Base - Processing: management function token
2025-09-15 15:23:44.796 [main] INFO  UtilipayV2Hybrid.testBase.Base - *** Verifying toaster message ***
2025-09-15 15:25:17.553 [main] INFO  UtilipayV2Hybrid.testBase.Base - === Generating report: create custom report ===
2025-09-15 15:25:37.656 [main] INFO  UtilipayV2Hybrid.testBase.Base - === Generating report: automation report ===
2025-09-15 15:25:44.063 [main] INFO  UtilipayV2Hybrid.testBase.Base - === Generating report: prepaid sales ===
2025-09-15 15:25:49.306 [main] INFO  UtilipayV2Hybrid.testBase.Base - === Generating report: day end ===
2025-09-15 15:25:56.035 [main] INFO  UtilipayV2Hybrid.testBase.Base - === Generating report: month end ===
2025-09-15 15:25:59.496 [main] INFO  UtilipayV2Hybrid.testBase.Base - === Generating report: low purchase ===
2025-09-15 15:26:04.552 [main] INFO  UtilipayV2Hybrid.testBase.Base - === Generating report: free basic ===
2025-09-15 15:26:08.894 [main] INFO  UtilipayV2Hybrid.testBase.Base - === Generating report: arrears recovered ===
2025-09-15 15:26:13.961 [main] INFO  UtilipayV2Hybrid.testBase.Base - *** Reporting Test Completed ***
2025-09-15 15:26:15.217 [main] INFO  UtilipayV2Hybrid.testBase.Base - Processing: encrypt credit token
2025-09-15 15:26:30.123 [main] INFO  UtilipayV2Hybrid.testBase.Base - Processing: verify encrypted token
2025-09-15 15:26:44.027 [main] INFO  UtilipayV2Hybrid.testBase.Base - Processing: manufacturing token
2025-09-15 15:26:58.464 [main] INFO  UtilipayV2Hybrid.testBase.Base - Processing: manufacturing key change token
2025-09-15 15:27:13.987 [main] INFO  UtilipayV2Hybrid.testBase.Base - Processing: manufacturing mngt function token
2025-09-15 15:27:29.199 [main] INFO  UtilipayV2Hybrid.testBase.Base - Processing: key change token
2025-09-15 15:27:44.565 [main] INFO  UtilipayV2Hybrid.testBase.Base - Processing: management function token
2025-09-15 16:01:31.479 [main] INFO  UtilipayV2Hybrid.testBase.Base - *** Verifying toaster message ***
2025-09-15 16:03:29.625 [main] INFO  UtilipayV2Hybrid.testBase.Base - === Generating report: create custom report ===
2025-09-15 16:03:52.568 [main] INFO  UtilipayV2Hybrid.testBase.Base - === Generating report: automation report ===
2025-09-15 16:04:01.907 [main] INFO  UtilipayV2Hybrid.testBase.Base - === Generating report: prepaid sales ===
2025-09-15 16:04:07.300 [main] INFO  UtilipayV2Hybrid.testBase.Base - === Generating report: day end ===
2025-09-15 16:04:14.279 [main] INFO  UtilipayV2Hybrid.testBase.Base - === Generating report: month end ===
2025-09-15 16:04:17.743 [main] INFO  UtilipayV2Hybrid.testBase.Base - === Generating report: low purchase ===
2025-09-15 16:04:23.069 [main] INFO  UtilipayV2Hybrid.testBase.Base - === Generating report: free basic ===
2025-09-15 16:04:27.161 [main] INFO  UtilipayV2Hybrid.testBase.Base - === Generating report: arrears recovered ===
2025-09-15 16:04:31.659 [main] INFO  UtilipayV2Hybrid.testBase.Base - *** Reporting Test Completed ***
2025-09-15 16:04:32.808 [main] INFO  UtilipayV2Hybrid.testBase.Base - Processing: encrypt credit token
2025-09-15 16:04:47.662 [main] INFO  UtilipayV2Hybrid.testBase.Base - Processing: verify encrypted token
2025-09-15 16:05:02.083 [main] INFO  UtilipayV2Hybrid.testBase.Base - Processing: manufacturing token
2025-09-15 16:05:16.507 [main] INFO  UtilipayV2Hybrid.testBase.Base - Processing: manufacturing key change token
