2025-08-07 10:20:09.127 [main] INFO  UtilipayV2Hybrid.testBase.Base - Status message for [month end]: Your report is being prepared. you will receive an email ones it is ready!
2025-08-07 10:20:09.146 [main] INFO  UtilipayV2Hybrid.testBase.Base - === Generating report: low purchase ===
2025-08-07 10:20:13.548 [main] INFO  UtilipayV2Hybrid.testBase.Base - Status message for [low purchase]: Your report is being prepared. you will receive an email ones it is ready!
2025-08-07 10:20:13.548 [main] INFO  UtilipayV2Hybrid.testBase.Base - === Generating report: free basic ===
2025-08-07 10:20:16.692 [main] INFO  UtilipayV2Hybrid.testBase.Base - Status message for [free basic]: Your report is being prepared. you will receive an email ones it is ready!
2025-08-07 10:20:16.692 [main] INFO  UtilipayV2Hybrid.testBase.Base - === Generating report: arrears recovered ===
2025-08-07 10:20:20.221 [main] INFO  UtilipayV2Hybrid.testBase.Base - Status message for [arrears recovered]: Your report is being prepared. you will receive an email ones it is ready!
2025-08-07 10:20:20.221 [main] INFO  UtilipayV2Hybrid.testBase.Base - *** Reporting Test Completed ***
2025-08-07 10:33:42.950 [main] INFO  UtilipayV2Hybrid.testBase.Base - *** Verifying toaster message ***
2025-08-07 10:33:43.270 [main] INFO  UtilipayV2Hybrid.testBase.Base - === Generating report: prepaid sales ===
2025-08-07 10:33:47.731 [main] INFO  UtilipayV2Hybrid.testBase.Base - Status message for [prepaid sales]: Your report is being prepared. you will receive an email ones it is ready!
2025-08-07 10:33:47.732 [main] INFO  UtilipayV2Hybrid.testBase.Base - === Generating report: day end ===
2025-08-07 10:33:53.713 [main] INFO  UtilipayV2Hybrid.testBase.Base - Status message for [day end]: Your report is being prepared. you will receive an email ones it is ready!
2025-08-07 10:33:53.713 [main] INFO  UtilipayV2Hybrid.testBase.Base - === Generating report: month end ===
2025-08-07 10:33:56.747 [main] INFO  UtilipayV2Hybrid.testBase.Base - Status message for [month end]: Your report is being prepared. you will receive an email ones it is ready!
2025-08-07 10:33:56.747 [main] INFO  UtilipayV2Hybrid.testBase.Base - === Generating report: low purchase ===
2025-08-07 10:34:00.954 [main] INFO  UtilipayV2Hybrid.testBase.Base - Status message for [low purchase]: Your report is being prepared. you will receive an email ones it is ready!
2025-08-07 10:34:00.955 [main] INFO  UtilipayV2Hybrid.testBase.Base - === Generating report: free basic ===
2025-08-07 10:34:04.302 [main] INFO  UtilipayV2Hybrid.testBase.Base - Status message for [free basic]: Your report is being prepared. you will receive an email ones it is ready!
2025-08-07 10:34:04.302 [main] INFO  UtilipayV2Hybrid.testBase.Base - === Generating report: arrears recovered ===
2025-08-07 10:34:07.838 [main] INFO  UtilipayV2Hybrid.testBase.Base - Status message for [arrears recovered]: Your report is being prepared. you will receive an email ones it is ready!
2025-08-07 10:34:07.839 [main] INFO  UtilipayV2Hybrid.testBase.Base - *** Reporting Test Completed ***
2025-08-07 10:42:36.568 [main] INFO  UtilipayV2Hybrid.testBase.Base - *** Verifying toaster message ***
2025-08-07 10:42:36.930 [main] INFO  UtilipayV2Hybrid.testBase.Base - === Generating report: prepaid sales ===
2025-08-07 10:42:40.915 [main] INFO  UtilipayV2Hybrid.testBase.Base - Status message for [prepaid sales]: Your report is being prepared. you will receive an email ones it is ready!
2025-08-07 10:42:40.917 [main] INFO  UtilipayV2Hybrid.testBase.Base - === Generating report: day end ===
2025-08-07 10:42:46.716 [main] INFO  UtilipayV2Hybrid.testBase.Base - Status message for [day end]: Your report is being prepared. you will receive an email ones it is ready!
2025-08-07 10:42:46.716 [main] INFO  UtilipayV2Hybrid.testBase.Base - === Generating report: month end ===
2025-08-07 10:42:49.453 [main] INFO  UtilipayV2Hybrid.testBase.Base - Status message for [month end]: Your report is being prepared. you will receive an email ones it is ready!
2025-08-07 10:42:49.453 [main] INFO  UtilipayV2Hybrid.testBase.Base - === Generating report: low purchase ===
2025-08-07 10:42:53.743 [main] INFO  UtilipayV2Hybrid.testBase.Base - Status message for [low purchase]: Your report is being prepared. you will receive an email ones it is ready!
2025-08-07 10:42:53.744 [main] INFO  UtilipayV2Hybrid.testBase.Base - === Generating report: free basic ===
2025-08-07 10:42:56.487 [main] INFO  UtilipayV2Hybrid.testBase.Base - Status message for [free basic]: Your report is being prepared. you will receive an email ones it is ready!
2025-08-07 10:42:56.487 [main] INFO  UtilipayV2Hybrid.testBase.Base - === Generating report: arrears recovered ===
2025-08-07 10:43:00.150 [main] INFO  UtilipayV2Hybrid.testBase.Base - Status message for [arrears recovered]: Your report is being prepared. you will receive an email ones it is ready!
2025-08-07 10:43:00.151 [main] INFO  UtilipayV2Hybrid.testBase.Base - *** Reporting Test Completed ***
